Added Member To Class: ClassName=ESQ Member=Component C0 100nF
Added Member To Class: ClassName=ESQ Member=Component C1 100nF
Added Member To Class: ClassName=ESQ Member=Component C2 100nF
Added Member To Class: ClassName=ESQ Member=Component C3 100nF
Added Member To Class: ClassName=ESQ Member=Component C4 100nF
Added Member To Class: ClassName=ESQ Member=Component C5 100nF
Added Member To Class: ClassName=ESQ Member=Component C6 100nF
Added Member To Class: ClassName=ESQ Member=Component C7 100nF
Added Member To Class: ClassName=ESQ Member=Component C8 100nF
Added Member To Class: ClassName=ESQ Member=Component C9 100nF
Added Member To Class: ClassName=ESQ Member=Component C10 100nF
Added Member To Class: ClassName=ESQ Member=Component C11 100nF
Added Member To Class: ClassName=ESQ Member=Component C12 100nF
Added Member To Class: ClassName=ESQ Member=Component C13 100nF
Added Member To Class: ClassName=ESQ Member=Component C14 100nF
Added Member To Class: ClassName=ESQ Member=Component C15 100nF
Added Member To Class: ClassName=ESQ Member=Component C16 100nF
Added Member To Class: ClassName=ESQ Member=Component C17 100nF
Added Member To Class: ClassName=ESQ Member=Component C18 100nF
Added Member To Class: ClassName=ESQ Member=Component C19 100uF
Added Member To Class: ClassName=ESQ Member=Component IC0 VL53L1X
Added Member To Class: ClassName=ESQ Member=Component IC1 VL53L1X
Added Member To Class: ClassName=ESQ Member=Component IC2 VL53L1X
Added Member To Class: ClassName=ESQ Member=Component IC3 VL53L1X
Added Member To Class: ClassName=ESQ Member=Component IC4 VL53L1X
Added Member To Class: ClassName=ESQ Member=Component IC5 VL53L1X
Added Member To Class: ClassName=ESQ Member=Component IC6 VL53L1X
Added Member To Class: ClassName=ESQ Member=Component IC7 VL53L1X
Added Member To Class: ClassName=ESQ Member=Component IC8 VL53L1X
Added Member To Class: ClassName=ESQ Member=Component IC9 VL53L1X
Added Member To Class: ClassName=ESQ Member=Component IC10 VL53L1X
Added Member To Class: ClassName=ESQ Member=Component IC11 VL53L1X
Added Member To Class: ClassName=ESQ Member=Component IC12 VL53L1X
Added Member To Class: ClassName=ESQ Member=Component IC13 VL53L1X
Added Member To Class: ClassName=ESQ Member=Component IC14 VL53L1X
Added Member To Class: ClassName=ESQ Member=Component IC15 VL53L1X
Added Member To Class: ClassName=ESQ Member=Component IC16 MCP23017T-E_SO
Added Member To Class: ClassName=ESQ Member=Component P1 IN
Added Member To Class: ClassName=ESQ Member=Component P2 OUT
Added Room: Name=ESQ
