Added Component: Designator=C0(CAPC1608X90N)
Add component (AddParameter): Name = "Arrow Part Number"; Value = "0603YC104K4T2A"; VariantName = "[No Variations]"
Add component (AddParameter): Name = "Arrow Price/Stock"; Value = "https://www.arrow.com/en/products/0603yc104k4t2a/avx"; VariantName = "[No Variations]"
Add component (AddParameter): Name = "Datasheet Link"; Value = "https://componentsearchengine.com/Datasheets/1/06031A100FAT2A.pdf"; VariantName = "[No Variations]"
Add component (AddParameter): Name = "Height"; Value = "0.9mm"; VariantName = "[No Variations]"
Add component (AddParameter): Name = "Manufacturer_Name"; Value = "Kyocera AVX"; VariantName = "[No Variations]"
Add component (AddParameter): Name = "Manufacturer_Part_Number"; Value = "0603YC104K4T2A"; VariantName = "[No Variations]"
Add component (AddParameter): Name = "Mouser Part Number"; Value = "581-0603YC104K4"; VariantName = "[No Variations]"
Add component (AddParameter): Name = "Mouser Price/Stock"; Value = "https://www.mouser.co.uk/ProductDetail/AVX/0603YC104K4T2A/?qs=Cej1j9ztgjHj4I01NaBI3A%3D%3D"; VariantName = "[No Variations]"
Added Component: Designator=C1(CAPC1608X90N)
Add component (AddParameter): Name = "Arrow Part Number"; Value = "0603YC104K4T2A"; VariantName = "[No Variations]"
Add component (AddParameter): Name = "Arrow Price/Stock"; Value = "https://www.arrow.com/en/products/0603yc104k4t2a/avx"; VariantName = "[No Variations]"
Add component (AddParameter): Name = "Datasheet Link"; Value = "https://componentsearchengine.com/Datasheets/1/06031A100FAT2A.pdf"; VariantName = "[No Variations]"
Add component (AddParameter): Name = "Height"; Value = "0.9mm"; VariantName = "[No Variations]"
Add component (AddParameter): Name = "Manufacturer_Name"; Value = "Kyocera AVX"; VariantName = "[No Variations]"
Add component (AddParameter): Name = "Manufacturer_Part_Number"; Value = "0603YC104K4T2A"; VariantName = "[No Variations]"
Add component (AddParameter): Name = "Mouser Part Number"; Value = "581-0603YC104K4"; VariantName = "[No Variations]"
Add component (AddParameter): Name = "Mouser Price/Stock"; Value = "https://www.mouser.co.uk/ProductDetail/AVX/0603YC104K4T2A/?qs=Cej1j9ztgjHj4I01NaBI3A%3D%3D"; VariantName = "[No Variations]"
Added Component: Designator=C2(CAPC1608X90N)
Add component (AddParameter): Name = "Arrow Part Number"; Value = "0603YC104K4T2A"; VariantName = "[No Variations]"
Add component (AddParameter): Name = "Arrow Price/Stock"; Value = "https://www.arrow.com/en/products/0603yc104k4t2a/avx"; VariantName = "[No Variations]"
Add component (AddParameter): Name = "Datasheet Link"; Value = "https://componentsearchengine.com/Datasheets/1/06031A100FAT2A.pdf"; VariantName = "[No Variations]"
Add component (AddParameter): Name = "Height"; Value = "0.9mm"; VariantName = "[No Variations]"
Add component (AddParameter): Name = "Manufacturer_Name"; Value = "Kyocera AVX"; VariantName = "[No Variations]"
Add component (AddParameter): Name = "Manufacturer_Part_Number"; Value = "0603YC104K4T2A"; VariantName = "[No Variations]"
Add component (AddParameter): Name = "Mouser Part Number"; Value = "581-0603YC104K4"; VariantName = "[No Variations]"
Add component (AddParameter): Name = "Mouser Price/Stock"; Value = "https://www.mouser.co.uk/ProductDetail/AVX/0603YC104K4T2A/?qs=Cej1j9ztgjHj4I01NaBI3A%3D%3D"; VariantName = "[No Variations]"
Added Component: Designator=C3(CAPC1608X90N)
Add component (AddParameter): Name = "Arrow Part Number"; Value = "0603YC104K4T2A"; VariantName = "[No Variations]"
Add component (AddParameter): Name = "Arrow Price/Stock"; Value = "https://www.arrow.com/en/products/0603yc104k4t2a/avx"; VariantName = "[No Variations]"
Add component (AddParameter): Name = "Datasheet Link"; Value = "https://componentsearchengine.com/Datasheets/1/06031A100FAT2A.pdf"; VariantName = "[No Variations]"
Add component (AddParameter): Name = "Height"; Value = "0.9mm"; VariantName = "[No Variations]"
Add component (AddParameter): Name = "Manufacturer_Name"; Value = "Kyocera AVX"; VariantName = "[No Variations]"
Add component (AddParameter): Name = "Manufacturer_Part_Number"; Value = "0603YC104K4T2A"; VariantName = "[No Variations]"
Add component (AddParameter): Name = "Mouser Part Number"; Value = "581-0603YC104K4"; VariantName = "[No Variations]"
Add component (AddParameter): Name = "Mouser Price/Stock"; Value = "https://www.mouser.co.uk/ProductDetail/AVX/0603YC104K4T2A/?qs=Cej1j9ztgjHj4I01NaBI3A%3D%3D"; VariantName = "[No Variations]"
Added Component: Designator=C4(CAPC1608X90N)
Add component (AddParameter): Name = "Arrow Part Number"; Value = "0603YC104K4T2A"; VariantName = "[No Variations]"
Add component (AddParameter): Name = "Arrow Price/Stock"; Value = "https://www.arrow.com/en/products/0603yc104k4t2a/avx"; VariantName = "[No Variations]"
Add component (AddParameter): Name = "Datasheet Link"; Value = "https://componentsearchengine.com/Datasheets/1/06031A100FAT2A.pdf"; VariantName = "[No Variations]"
Add component (AddParameter): Name = "Height"; Value = "0.9mm"; VariantName = "[No Variations]"
Add component (AddParameter): Name = "Manufacturer_Name"; Value = "Kyocera AVX"; VariantName = "[No Variations]"
Add component (AddParameter): Name = "Manufacturer_Part_Number"; Value = "0603YC104K4T2A"; VariantName = "[No Variations]"
Add component (AddParameter): Name = "Mouser Part Number"; Value = "581-0603YC104K4"; VariantName = "[No Variations]"
Add component (AddParameter): Name = "Mouser Price/Stock"; Value = "https://www.mouser.co.uk/ProductDetail/AVX/0603YC104K4T2A/?qs=Cej1j9ztgjHj4I01NaBI3A%3D%3D"; VariantName = "[No Variations]"
Added Component: Designator=C5(CAPC1608X90N)
Add component (AddParameter): Name = "Arrow Part Number"; Value = "0603YC104K4T2A"; VariantName = "[No Variations]"
Add component (AddParameter): Name = "Arrow Price/Stock"; Value = "https://www.arrow.com/en/products/0603yc104k4t2a/avx"; VariantName = "[No Variations]"
Add component (AddParameter): Name = "Datasheet Link"; Value = "https://componentsearchengine.com/Datasheets/1/06031A100FAT2A.pdf"; VariantName = "[No Variations]"
Add component (AddParameter): Name = "Height"; Value = "0.9mm"; VariantName = "[No Variations]"
Add component (AddParameter): Name = "Manufacturer_Name"; Value = "Kyocera AVX"; VariantName = "[No Variations]"
Add component (AddParameter): Name = "Manufacturer_Part_Number"; Value = "0603YC104K4T2A"; VariantName = "[No Variations]"
Add component (AddParameter): Name = "Mouser Part Number"; Value = "581-0603YC104K4"; VariantName = "[No Variations]"
Add component (AddParameter): Name = "Mouser Price/Stock"; Value = "https://www.mouser.co.uk/ProductDetail/AVX/0603YC104K4T2A/?qs=Cej1j9ztgjHj4I01NaBI3A%3D%3D"; VariantName = "[No Variations]"
Added Component: Designator=C6(CAPC1608X90N)
Add component (AddParameter): Name = "Arrow Part Number"; Value = "0603YC104K4T2A"; VariantName = "[No Variations]"
Add component (AddParameter): Name = "Arrow Price/Stock"; Value = "https://www.arrow.com/en/products/0603yc104k4t2a/avx"; VariantName = "[No Variations]"
Add component (AddParameter): Name = "Datasheet Link"; Value = "https://componentsearchengine.com/Datasheets/1/06031A100FAT2A.pdf"; VariantName = "[No Variations]"
Add component (AddParameter): Name = "Height"; Value = "0.9mm"; VariantName = "[No Variations]"
Add component (AddParameter): Name = "Manufacturer_Name"; Value = "Kyocera AVX"; VariantName = "[No Variations]"
Add component (AddParameter): Name = "Manufacturer_Part_Number"; Value = "0603YC104K4T2A"; VariantName = "[No Variations]"
Add component (AddParameter): Name = "Mouser Part Number"; Value = "581-0603YC104K4"; VariantName = "[No Variations]"
Add component (AddParameter): Name = "Mouser Price/Stock"; Value = "https://www.mouser.co.uk/ProductDetail/AVX/0603YC104K4T2A/?qs=Cej1j9ztgjHj4I01NaBI3A%3D%3D"; VariantName = "[No Variations]"
Added Component: Designator=C7(CAPC1608X90N)
Add component (AddParameter): Name = "Arrow Part Number"; Value = "0603YC104K4T2A"; VariantName = "[No Variations]"
Add component (AddParameter): Name = "Arrow Price/Stock"; Value = "https://www.arrow.com/en/products/0603yc104k4t2a/avx"; VariantName = "[No Variations]"
Add component (AddParameter): Name = "Datasheet Link"; Value = "https://componentsearchengine.com/Datasheets/1/06031A100FAT2A.pdf"; VariantName = "[No Variations]"
Add component (AddParameter): Name = "Height"; Value = "0.9mm"; VariantName = "[No Variations]"
Add component (AddParameter): Name = "Manufacturer_Name"; Value = "Kyocera AVX"; VariantName = "[No Variations]"
Add component (AddParameter): Name = "Manufacturer_Part_Number"; Value = "0603YC104K4T2A"; VariantName = "[No Variations]"
Add component (AddParameter): Name = "Mouser Part Number"; Value = "581-0603YC104K4"; VariantName = "[No Variations]"
Add component (AddParameter): Name = "Mouser Price/Stock"; Value = "https://www.mouser.co.uk/ProductDetail/AVX/0603YC104K4T2A/?qs=Cej1j9ztgjHj4I01NaBI3A%3D%3D"; VariantName = "[No Variations]"
Added Component: Designator=C8(CAPC1608X90N)
Add component (AddParameter): Name = "Arrow Part Number"; Value = "0603YC104K4T2A"; VariantName = "[No Variations]"
Add component (AddParameter): Name = "Arrow Price/Stock"; Value = "https://www.arrow.com/en/products/0603yc104k4t2a/avx"; VariantName = "[No Variations]"
Add component (AddParameter): Name = "Datasheet Link"; Value = "https://componentsearchengine.com/Datasheets/1/06031A100FAT2A.pdf"; VariantName = "[No Variations]"
Add component (AddParameter): Name = "Height"; Value = "0.9mm"; VariantName = "[No Variations]"
Add component (AddParameter): Name = "Manufacturer_Name"; Value = "Kyocera AVX"; VariantName = "[No Variations]"
Add component (AddParameter): Name = "Manufacturer_Part_Number"; Value = "0603YC104K4T2A"; VariantName = "[No Variations]"
Add component (AddParameter): Name = "Mouser Part Number"; Value = "581-0603YC104K4"; VariantName = "[No Variations]"
Add component (AddParameter): Name = "Mouser Price/Stock"; Value = "https://www.mouser.co.uk/ProductDetail/AVX/0603YC104K4T2A/?qs=Cej1j9ztgjHj4I01NaBI3A%3D%3D"; VariantName = "[No Variations]"
Added Component: Designator=C9(CAPC1608X90N)
Add component (AddParameter): Name = "Arrow Part Number"; Value = "0603YC104K4T2A"; VariantName = "[No Variations]"
Add component (AddParameter): Name = "Arrow Price/Stock"; Value = "https://www.arrow.com/en/products/0603yc104k4t2a/avx"; VariantName = "[No Variations]"
Add component (AddParameter): Name = "Datasheet Link"; Value = "https://componentsearchengine.com/Datasheets/1/06031A100FAT2A.pdf"; VariantName = "[No Variations]"
Add component (AddParameter): Name = "Height"; Value = "0.9mm"; VariantName = "[No Variations]"
Add component (AddParameter): Name = "Manufacturer_Name"; Value = "Kyocera AVX"; VariantName = "[No Variations]"
Add component (AddParameter): Name = "Manufacturer_Part_Number"; Value = "0603YC104K4T2A"; VariantName = "[No Variations]"
Add component (AddParameter): Name = "Mouser Part Number"; Value = "581-0603YC104K4"; VariantName = "[No Variations]"
Add component (AddParameter): Name = "Mouser Price/Stock"; Value = "https://www.mouser.co.uk/ProductDetail/AVX/0603YC104K4T2A/?qs=Cej1j9ztgjHj4I01NaBI3A%3D%3D"; VariantName = "[No Variations]"
Added Component: Designator=C10(CAPC1608X90N)
Add component (AddParameter): Name = "Arrow Part Number"; Value = "0603YC104K4T2A"; VariantName = "[No Variations]"
Add component (AddParameter): Name = "Arrow Price/Stock"; Value = "https://www.arrow.com/en/products/0603yc104k4t2a/avx"; VariantName = "[No Variations]"
Add component (AddParameter): Name = "Datasheet Link"; Value = "https://componentsearchengine.com/Datasheets/1/06031A100FAT2A.pdf"; VariantName = "[No Variations]"
Add component (AddParameter): Name = "Height"; Value = "0.9mm"; VariantName = "[No Variations]"
Add component (AddParameter): Name = "Manufacturer_Name"; Value = "Kyocera AVX"; VariantName = "[No Variations]"
Add component (AddParameter): Name = "Manufacturer_Part_Number"; Value = "0603YC104K4T2A"; VariantName = "[No Variations]"
Add component (AddParameter): Name = "Mouser Part Number"; Value = "581-0603YC104K4"; VariantName = "[No Variations]"
Add component (AddParameter): Name = "Mouser Price/Stock"; Value = "https://www.mouser.co.uk/ProductDetail/AVX/0603YC104K4T2A/?qs=Cej1j9ztgjHj4I01NaBI3A%3D%3D"; VariantName = "[No Variations]"
Added Component: Designator=C11(CAPC1608X90N)
Add component (AddParameter): Name = "Arrow Part Number"; Value = "0603YC104K4T2A"; VariantName = "[No Variations]"
Add component (AddParameter): Name = "Arrow Price/Stock"; Value = "https://www.arrow.com/en/products/0603yc104k4t2a/avx"; VariantName = "[No Variations]"
Add component (AddParameter): Name = "Datasheet Link"; Value = "https://componentsearchengine.com/Datasheets/1/06031A100FAT2A.pdf"; VariantName = "[No Variations]"
Add component (AddParameter): Name = "Height"; Value = "0.9mm"; VariantName = "[No Variations]"
Add component (AddParameter): Name = "Manufacturer_Name"; Value = "Kyocera AVX"; VariantName = "[No Variations]"
Add component (AddParameter): Name = "Manufacturer_Part_Number"; Value = "0603YC104K4T2A"; VariantName = "[No Variations]"
Add component (AddParameter): Name = "Mouser Part Number"; Value = "581-0603YC104K4"; VariantName = "[No Variations]"
Add component (AddParameter): Name = "Mouser Price/Stock"; Value = "https://www.mouser.co.uk/ProductDetail/AVX/0603YC104K4T2A/?qs=Cej1j9ztgjHj4I01NaBI3A%3D%3D"; VariantName = "[No Variations]"
Added Component: Designator=C12(CAPC1608X90N)
Add component (AddParameter): Name = "Arrow Part Number"; Value = "0603YC104K4T2A"; VariantName = "[No Variations]"
Add component (AddParameter): Name = "Arrow Price/Stock"; Value = "https://www.arrow.com/en/products/0603yc104k4t2a/avx"; VariantName = "[No Variations]"
Add component (AddParameter): Name = "Datasheet Link"; Value = "https://componentsearchengine.com/Datasheets/1/06031A100FAT2A.pdf"; VariantName = "[No Variations]"
Add component (AddParameter): Name = "Height"; Value = "0.9mm"; VariantName = "[No Variations]"
Add component (AddParameter): Name = "Manufacturer_Name"; Value = "Kyocera AVX"; VariantName = "[No Variations]"
Add component (AddParameter): Name = "Manufacturer_Part_Number"; Value = "0603YC104K4T2A"; VariantName = "[No Variations]"
Add component (AddParameter): Name = "Mouser Part Number"; Value = "581-0603YC104K4"; VariantName = "[No Variations]"
Add component (AddParameter): Name = "Mouser Price/Stock"; Value = "https://www.mouser.co.uk/ProductDetail/AVX/0603YC104K4T2A/?qs=Cej1j9ztgjHj4I01NaBI3A%3D%3D"; VariantName = "[No Variations]"
Added Component: Designator=C13(CAPC1608X90N)
Add component (AddParameter): Name = "Arrow Part Number"; Value = "0603YC104K4T2A"; VariantName = "[No Variations]"
Add component (AddParameter): Name = "Arrow Price/Stock"; Value = "https://www.arrow.com/en/products/0603yc104k4t2a/avx"; VariantName = "[No Variations]"
Add component (AddParameter): Name = "Datasheet Link"; Value = "https://componentsearchengine.com/Datasheets/1/06031A100FAT2A.pdf"; VariantName = "[No Variations]"
Add component (AddParameter): Name = "Height"; Value = "0.9mm"; VariantName = "[No Variations]"
Add component (AddParameter): Name = "Manufacturer_Name"; Value = "Kyocera AVX"; VariantName = "[No Variations]"
Add component (AddParameter): Name = "Manufacturer_Part_Number"; Value = "0603YC104K4T2A"; VariantName = "[No Variations]"
Add component (AddParameter): Name = "Mouser Part Number"; Value = "581-0603YC104K4"; VariantName = "[No Variations]"
Add component (AddParameter): Name = "Mouser Price/Stock"; Value = "https://www.mouser.co.uk/ProductDetail/AVX/0603YC104K4T2A/?qs=Cej1j9ztgjHj4I01NaBI3A%3D%3D"; VariantName = "[No Variations]"
Added Component: Designator=C14(CAPC1608X90N)
Add component (AddParameter): Name = "Arrow Part Number"; Value = "0603YC104K4T2A"; VariantName = "[No Variations]"
Add component (AddParameter): Name = "Arrow Price/Stock"; Value = "https://www.arrow.com/en/products/0603yc104k4t2a/avx"; VariantName = "[No Variations]"
Add component (AddParameter): Name = "Datasheet Link"; Value = "https://componentsearchengine.com/Datasheets/1/06031A100FAT2A.pdf"; VariantName = "[No Variations]"
Add component (AddParameter): Name = "Height"; Value = "0.9mm"; VariantName = "[No Variations]"
Add component (AddParameter): Name = "Manufacturer_Name"; Value = "Kyocera AVX"; VariantName = "[No Variations]"
Add component (AddParameter): Name = "Manufacturer_Part_Number"; Value = "0603YC104K4T2A"; VariantName = "[No Variations]"
Add component (AddParameter): Name = "Mouser Part Number"; Value = "581-0603YC104K4"; VariantName = "[No Variations]"
Add component (AddParameter): Name = "Mouser Price/Stock"; Value = "https://www.mouser.co.uk/ProductDetail/AVX/0603YC104K4T2A/?qs=Cej1j9ztgjHj4I01NaBI3A%3D%3D"; VariantName = "[No Variations]"
Added Component: Designator=C15(CAPC1608X90N)
Add component (AddParameter): Name = "Arrow Part Number"; Value = "0603YC104K4T2A"; VariantName = "[No Variations]"
Add component (AddParameter): Name = "Arrow Price/Stock"; Value = "https://www.arrow.com/en/products/0603yc104k4t2a/avx"; VariantName = "[No Variations]"
Add component (AddParameter): Name = "Datasheet Link"; Value = "https://componentsearchengine.com/Datasheets/1/06031A100FAT2A.pdf"; VariantName = "[No Variations]"
Add component (AddParameter): Name = "Height"; Value = "0.9mm"; VariantName = "[No Variations]"
Add component (AddParameter): Name = "Manufacturer_Name"; Value = "Kyocera AVX"; VariantName = "[No Variations]"
Add component (AddParameter): Name = "Manufacturer_Part_Number"; Value = "0603YC104K4T2A"; VariantName = "[No Variations]"
Add component (AddParameter): Name = "Mouser Part Number"; Value = "581-0603YC104K4"; VariantName = "[No Variations]"
Add component (AddParameter): Name = "Mouser Price/Stock"; Value = "https://www.mouser.co.uk/ProductDetail/AVX/0603YC104K4T2A/?qs=Cej1j9ztgjHj4I01NaBI3A%3D%3D"; VariantName = "[No Variations]"
Added Component: Designator=C16(CAPC1608X90N)
Add component (AddParameter): Name = "Arrow Part Number"; Value = "0603YC104K4T2A"; VariantName = "[No Variations]"
Add component (AddParameter): Name = "Arrow Price/Stock"; Value = "https://www.arrow.com/en/products/0603yc104k4t2a/avx"; VariantName = "[No Variations]"
Add component (AddParameter): Name = "Datasheet Link"; Value = "https://componentsearchengine.com/Datasheets/1/06031A100FAT2A.pdf"; VariantName = "[No Variations]"
Add component (AddParameter): Name = "Height"; Value = "0.9mm"; VariantName = "[No Variations]"
Add component (AddParameter): Name = "Manufacturer_Name"; Value = "Kyocera AVX"; VariantName = "[No Variations]"
Add component (AddParameter): Name = "Manufacturer_Part_Number"; Value = "0603YC104K4T2A"; VariantName = "[No Variations]"
Add component (AddParameter): Name = "Mouser Part Number"; Value = "581-0603YC104K4"; VariantName = "[No Variations]"
Add component (AddParameter): Name = "Mouser Price/Stock"; Value = "https://www.mouser.co.uk/ProductDetail/AVX/0603YC104K4T2A/?qs=Cej1j9ztgjHj4I01NaBI3A%3D%3D"; VariantName = "[No Variations]"
Added Component: Designator=C17(CAPC1608X90N)
Add component (AddParameter): Name = "Arrow Part Number"; Value = "0603YC104K4T2A"; VariantName = "[No Variations]"
Add component (AddParameter): Name = "Arrow Price/Stock"; Value = "https://www.arrow.com/en/products/0603yc104k4t2a/avx"; VariantName = "[No Variations]"
Add component (AddParameter): Name = "Datasheet Link"; Value = "https://componentsearchengine.com/Datasheets/1/06031A100FAT2A.pdf"; VariantName = "[No Variations]"
Add component (AddParameter): Name = "Height"; Value = "0.9mm"; VariantName = "[No Variations]"
Add component (AddParameter): Name = "Manufacturer_Name"; Value = "Kyocera AVX"; VariantName = "[No Variations]"
Add component (AddParameter): Name = "Manufacturer_Part_Number"; Value = "0603YC104K4T2A"; VariantName = "[No Variations]"
Add component (AddParameter): Name = "Mouser Part Number"; Value = "581-0603YC104K4"; VariantName = "[No Variations]"
Add component (AddParameter): Name = "Mouser Price/Stock"; Value = "https://www.mouser.co.uk/ProductDetail/AVX/0603YC104K4T2A/?qs=Cej1j9ztgjHj4I01NaBI3A%3D%3D"; VariantName = "[No Variations]"
Added Component: Designator=C18(CAPC1608X90N)
Add component (AddParameter): Name = "Arrow Part Number"; Value = "0603YC104K4T2A"; VariantName = "[No Variations]"
Add component (AddParameter): Name = "Arrow Price/Stock"; Value = "https://www.arrow.com/en/products/0603yc104k4t2a/avx"; VariantName = "[No Variations]"
Add component (AddParameter): Name = "Datasheet Link"; Value = "https://componentsearchengine.com/Datasheets/1/06031A100FAT2A.pdf"; VariantName = "[No Variations]"
Add component (AddParameter): Name = "Height"; Value = "0.9mm"; VariantName = "[No Variations]"
Add component (AddParameter): Name = "Manufacturer_Name"; Value = "Kyocera AVX"; VariantName = "[No Variations]"
Add component (AddParameter): Name = "Manufacturer_Part_Number"; Value = "0603YC104K4T2A"; VariantName = "[No Variations]"
Add component (AddParameter): Name = "Mouser Part Number"; Value = "581-0603YC104K4"; VariantName = "[No Variations]"
Add component (AddParameter): Name = "Mouser Price/Stock"; Value = "https://www.mouser.co.uk/ProductDetail/AVX/0603YC104K4T2A/?qs=Cej1j9ztgjHj4I01NaBI3A%3D%3D"; VariantName = "[No Variations]"
Added Component: Designator=C19(CAPC1608X90N)
Add component (AddParameter): Name = "Arrow Part Number"; Value = ""; VariantName = "[No Variations]"
Add component (AddParameter): Name = "Arrow Price/Stock"; Value = ""; VariantName = "[No Variations]"
Add component (AddParameter): Name = "Datasheet Link"; Value = "https://componentsearchengine.com/Datasheets/1/06031A100FAT2A.pdf"; VariantName = "[No Variations]"
Add component (AddParameter): Name = "Height"; Value = "0.9mm"; VariantName = "[No Variations]"
Add component (AddParameter): Name = "Manufacturer_Name"; Value = "Kyocera AVX"; VariantName = "[No Variations]"
Add component (AddParameter): Name = "Manufacturer_Part_Number"; Value = "06033C474MAT2A"; VariantName = "[No Variations]"
Add component (AddParameter): Name = "Mouser Part Number"; Value = "581-06033C474MAT2A"; VariantName = "[No Variations]"
Add component (AddParameter): Name = "Mouser Price/Stock"; Value = "https://www.mouser.com/Search/Refine.aspx?Keyword=581-06033C474MAT2A"; VariantName = "[No Variations]"
Added Component: Designator=IC0(VL53L1X)
Add component (AddParameter): Name = "Arrow Part Number"; Value = ""; VariantName = "[No Variations]"
Add component (AddParameter): Name = "Arrow Price/Stock"; Value = ""; VariantName = "[No Variations]"
Add component (AddParameter): Name = "Datasheet Link"; Value = "https://www.st.com/resource/en/datasheet/vl53l1x.pdf"; VariantName = "[No Variations]"
Add component (AddParameter): Name = "Height"; Value = "1.6mm"; VariantName = "[No Variations]"
Add component (AddParameter): Name = "Manufacturer_Name"; Value = "STMicroelectronics"; VariantName = "[No Variations]"
Add component (AddParameter): Name = "Manufacturer_Part_Number"; Value = "VL53L1X"; VariantName = "[No Variations]"
Add component (AddParameter): Name = "Mouser Part Number"; Value = ""; VariantName = "[No Variations]"
Add component (AddParameter): Name = "Mouser Price/Stock"; Value = ""; VariantName = "[No Variations]"
Added Component: Designator=IC1(VL53L1X)
Add component (AddParameter): Name = "Arrow Part Number"; Value = ""; VariantName = "[No Variations]"
Add component (AddParameter): Name = "Arrow Price/Stock"; Value = ""; VariantName = "[No Variations]"
Add component (AddParameter): Name = "Datasheet Link"; Value = "https://www.st.com/resource/en/datasheet/vl53l1x.pdf"; VariantName = "[No Variations]"
Add component (AddParameter): Name = "Height"; Value = "1.6mm"; VariantName = "[No Variations]"
Add component (AddParameter): Name = "Manufacturer_Name"; Value = "STMicroelectronics"; VariantName = "[No Variations]"
Add component (AddParameter): Name = "Manufacturer_Part_Number"; Value = "VL53L1X"; VariantName = "[No Variations]"
Add component (AddParameter): Name = "Mouser Part Number"; Value = ""; VariantName = "[No Variations]"
Add component (AddParameter): Name = "Mouser Price/Stock"; Value = ""; VariantName = "[No Variations]"
Added Component: Designator=IC2(VL53L1X)
Add component (AddParameter): Name = "Arrow Part Number"; Value = ""; VariantName = "[No Variations]"
Add component (AddParameter): Name = "Arrow Price/Stock"; Value = ""; VariantName = "[No Variations]"
Add component (AddParameter): Name = "Datasheet Link"; Value = "https://www.st.com/resource/en/datasheet/vl53l1x.pdf"; VariantName = "[No Variations]"
Add component (AddParameter): Name = "Height"; Value = "1.6mm"; VariantName = "[No Variations]"
Add component (AddParameter): Name = "Manufacturer_Name"; Value = "STMicroelectronics"; VariantName = "[No Variations]"
Add component (AddParameter): Name = "Manufacturer_Part_Number"; Value = "VL53L1X"; VariantName = "[No Variations]"
Add component (AddParameter): Name = "Mouser Part Number"; Value = ""; VariantName = "[No Variations]"
Add component (AddParameter): Name = "Mouser Price/Stock"; Value = ""; VariantName = "[No Variations]"
Added Component: Designator=IC3(VL53L1X)
Add component (AddParameter): Name = "Arrow Part Number"; Value = ""; VariantName = "[No Variations]"
Add component (AddParameter): Name = "Arrow Price/Stock"; Value = ""; VariantName = "[No Variations]"
Add component (AddParameter): Name = "Datasheet Link"; Value = "https://www.st.com/resource/en/datasheet/vl53l1x.pdf"; VariantName = "[No Variations]"
Add component (AddParameter): Name = "Height"; Value = "1.6mm"; VariantName = "[No Variations]"
Add component (AddParameter): Name = "Manufacturer_Name"; Value = "STMicroelectronics"; VariantName = "[No Variations]"
Add component (AddParameter): Name = "Manufacturer_Part_Number"; Value = "VL53L1X"; VariantName = "[No Variations]"
Add component (AddParameter): Name = "Mouser Part Number"; Value = ""; VariantName = "[No Variations]"
Add component (AddParameter): Name = "Mouser Price/Stock"; Value = ""; VariantName = "[No Variations]"
Added Component: Designator=IC4(VL53L1X)
Add component (AddParameter): Name = "Arrow Part Number"; Value = ""; VariantName = "[No Variations]"
Add component (AddParameter): Name = "Arrow Price/Stock"; Value = ""; VariantName = "[No Variations]"
Add component (AddParameter): Name = "Datasheet Link"; Value = "https://www.st.com/resource/en/datasheet/vl53l1x.pdf"; VariantName = "[No Variations]"
Add component (AddParameter): Name = "Height"; Value = "1.6mm"; VariantName = "[No Variations]"
Add component (AddParameter): Name = "Manufacturer_Name"; Value = "STMicroelectronics"; VariantName = "[No Variations]"
Add component (AddParameter): Name = "Manufacturer_Part_Number"; Value = "VL53L1X"; VariantName = "[No Variations]"
Add component (AddParameter): Name = "Mouser Part Number"; Value = ""; VariantName = "[No Variations]"
Add component (AddParameter): Name = "Mouser Price/Stock"; Value = ""; VariantName = "[No Variations]"
Added Component: Designator=IC5(VL53L1X)
Add component (AddParameter): Name = "Arrow Part Number"; Value = ""; VariantName = "[No Variations]"
Add component (AddParameter): Name = "Arrow Price/Stock"; Value = ""; VariantName = "[No Variations]"
Add component (AddParameter): Name = "Datasheet Link"; Value = "https://www.st.com/resource/en/datasheet/vl53l1x.pdf"; VariantName = "[No Variations]"
Add component (AddParameter): Name = "Height"; Value = "1.6mm"; VariantName = "[No Variations]"
Add component (AddParameter): Name = "Manufacturer_Name"; Value = "STMicroelectronics"; VariantName = "[No Variations]"
Add component (AddParameter): Name = "Manufacturer_Part_Number"; Value = "VL53L1X"; VariantName = "[No Variations]"
Add component (AddParameter): Name = "Mouser Part Number"; Value = ""; VariantName = "[No Variations]"
Add component (AddParameter): Name = "Mouser Price/Stock"; Value = ""; VariantName = "[No Variations]"
Added Component: Designator=IC6(VL53L1X)
Add component (AddParameter): Name = "Arrow Part Number"; Value = ""; VariantName = "[No Variations]"
Add component (AddParameter): Name = "Arrow Price/Stock"; Value = ""; VariantName = "[No Variations]"
Add component (AddParameter): Name = "Datasheet Link"; Value = "https://www.st.com/resource/en/datasheet/vl53l1x.pdf"; VariantName = "[No Variations]"
Add component (AddParameter): Name = "Height"; Value = "1.6mm"; VariantName = "[No Variations]"
Add component (AddParameter): Name = "Manufacturer_Name"; Value = "STMicroelectronics"; VariantName = "[No Variations]"
Add component (AddParameter): Name = "Manufacturer_Part_Number"; Value = "VL53L1X"; VariantName = "[No Variations]"
Add component (AddParameter): Name = "Mouser Part Number"; Value = ""; VariantName = "[No Variations]"
Add component (AddParameter): Name = "Mouser Price/Stock"; Value = ""; VariantName = "[No Variations]"
Added Component: Designator=IC7(VL53L1X)
Add component (AddParameter): Name = "Arrow Part Number"; Value = ""; VariantName = "[No Variations]"
Add component (AddParameter): Name = "Arrow Price/Stock"; Value = ""; VariantName = "[No Variations]"
Add component (AddParameter): Name = "Datasheet Link"; Value = "https://www.st.com/resource/en/datasheet/vl53l1x.pdf"; VariantName = "[No Variations]"
Add component (AddParameter): Name = "Height"; Value = "1.6mm"; VariantName = "[No Variations]"
Add component (AddParameter): Name = "Manufacturer_Name"; Value = "STMicroelectronics"; VariantName = "[No Variations]"
Add component (AddParameter): Name = "Manufacturer_Part_Number"; Value = "VL53L1X"; VariantName = "[No Variations]"
Add component (AddParameter): Name = "Mouser Part Number"; Value = ""; VariantName = "[No Variations]"
Add component (AddParameter): Name = "Mouser Price/Stock"; Value = ""; VariantName = "[No Variations]"
Added Component: Designator=IC8(VL53L1X)
Add component (AddParameter): Name = "Arrow Part Number"; Value = ""; VariantName = "[No Variations]"
Add component (AddParameter): Name = "Arrow Price/Stock"; Value = ""; VariantName = "[No Variations]"
Add component (AddParameter): Name = "Datasheet Link"; Value = "https://www.st.com/resource/en/datasheet/vl53l1x.pdf"; VariantName = "[No Variations]"
Add component (AddParameter): Name = "Height"; Value = "1.6mm"; VariantName = "[No Variations]"
Add component (AddParameter): Name = "Manufacturer_Name"; Value = "STMicroelectronics"; VariantName = "[No Variations]"
Add component (AddParameter): Name = "Manufacturer_Part_Number"; Value = "VL53L1X"; VariantName = "[No Variations]"
Add component (AddParameter): Name = "Mouser Part Number"; Value = ""; VariantName = "[No Variations]"
Add component (AddParameter): Name = "Mouser Price/Stock"; Value = ""; VariantName = "[No Variations]"
Added Component: Designator=IC9(VL53L1X)
Add component (AddParameter): Name = "Arrow Part Number"; Value = ""; VariantName = "[No Variations]"
Add component (AddParameter): Name = "Arrow Price/Stock"; Value = ""; VariantName = "[No Variations]"
Add component (AddParameter): Name = "Datasheet Link"; Value = "https://www.st.com/resource/en/datasheet/vl53l1x.pdf"; VariantName = "[No Variations]"
Add component (AddParameter): Name = "Height"; Value = "1.6mm"; VariantName = "[No Variations]"
Add component (AddParameter): Name = "Manufacturer_Name"; Value = "STMicroelectronics"; VariantName = "[No Variations]"
Add component (AddParameter): Name = "Manufacturer_Part_Number"; Value = "VL53L1X"; VariantName = "[No Variations]"
Add component (AddParameter): Name = "Mouser Part Number"; Value = ""; VariantName = "[No Variations]"
Add component (AddParameter): Name = "Mouser Price/Stock"; Value = ""; VariantName = "[No Variations]"
Added Component: Designator=IC10(VL53L1X)
Add component (AddParameter): Name = "Arrow Part Number"; Value = ""; VariantName = "[No Variations]"
Add component (AddParameter): Name = "Arrow Price/Stock"; Value = ""; VariantName = "[No Variations]"
Add component (AddParameter): Name = "Datasheet Link"; Value = "https://www.st.com/resource/en/datasheet/vl53l1x.pdf"; VariantName = "[No Variations]"
Add component (AddParameter): Name = "Height"; Value = "1.6mm"; VariantName = "[No Variations]"
Add component (AddParameter): Name = "Manufacturer_Name"; Value = "STMicroelectronics"; VariantName = "[No Variations]"
Add component (AddParameter): Name = "Manufacturer_Part_Number"; Value = "VL53L1X"; VariantName = "[No Variations]"
Add component (AddParameter): Name = "Mouser Part Number"; Value = ""; VariantName = "[No Variations]"
Add component (AddParameter): Name = "Mouser Price/Stock"; Value = ""; VariantName = "[No Variations]"
Added Component: Designator=IC11(VL53L1X)
Add component (AddParameter): Name = "Arrow Part Number"; Value = ""; VariantName = "[No Variations]"
Add component (AddParameter): Name = "Arrow Price/Stock"; Value = ""; VariantName = "[No Variations]"
Add component (AddParameter): Name = "Datasheet Link"; Value = "https://www.st.com/resource/en/datasheet/vl53l1x.pdf"; VariantName = "[No Variations]"
Add component (AddParameter): Name = "Height"; Value = "1.6mm"; VariantName = "[No Variations]"
Add component (AddParameter): Name = "Manufacturer_Name"; Value = "STMicroelectronics"; VariantName = "[No Variations]"
Add component (AddParameter): Name = "Manufacturer_Part_Number"; Value = "VL53L1X"; VariantName = "[No Variations]"
Add component (AddParameter): Name = "Mouser Part Number"; Value = ""; VariantName = "[No Variations]"
Add component (AddParameter): Name = "Mouser Price/Stock"; Value = ""; VariantName = "[No Variations]"
Added Component: Designator=IC12(VL53L1X)
Add component (AddParameter): Name = "Arrow Part Number"; Value = ""; VariantName = "[No Variations]"
Add component (AddParameter): Name = "Arrow Price/Stock"; Value = ""; VariantName = "[No Variations]"
Add component (AddParameter): Name = "Datasheet Link"; Value = "https://www.st.com/resource/en/datasheet/vl53l1x.pdf"; VariantName = "[No Variations]"
Add component (AddParameter): Name = "Height"; Value = "1.6mm"; VariantName = "[No Variations]"
Add component (AddParameter): Name = "Manufacturer_Name"; Value = "STMicroelectronics"; VariantName = "[No Variations]"
Add component (AddParameter): Name = "Manufacturer_Part_Number"; Value = "VL53L1X"; VariantName = "[No Variations]"
Add component (AddParameter): Name = "Mouser Part Number"; Value = ""; VariantName = "[No Variations]"
Add component (AddParameter): Name = "Mouser Price/Stock"; Value = ""; VariantName = "[No Variations]"
Added Component: Designator=IC13(VL53L1X)
Add component (AddParameter): Name = "Arrow Part Number"; Value = ""; VariantName = "[No Variations]"
Add component (AddParameter): Name = "Arrow Price/Stock"; Value = ""; VariantName = "[No Variations]"
Add component (AddParameter): Name = "Datasheet Link"; Value = "https://www.st.com/resource/en/datasheet/vl53l1x.pdf"; VariantName = "[No Variations]"
Add component (AddParameter): Name = "Height"; Value = "1.6mm"; VariantName = "[No Variations]"
Add component (AddParameter): Name = "Manufacturer_Name"; Value = "STMicroelectronics"; VariantName = "[No Variations]"
Add component (AddParameter): Name = "Manufacturer_Part_Number"; Value = "VL53L1X"; VariantName = "[No Variations]"
Add component (AddParameter): Name = "Mouser Part Number"; Value = ""; VariantName = "[No Variations]"
Add component (AddParameter): Name = "Mouser Price/Stock"; Value = ""; VariantName = "[No Variations]"
Added Component: Designator=IC14(VL53L1X)
Add component (AddParameter): Name = "Arrow Part Number"; Value = ""; VariantName = "[No Variations]"
Add component (AddParameter): Name = "Arrow Price/Stock"; Value = ""; VariantName = "[No Variations]"
Add component (AddParameter): Name = "Datasheet Link"; Value = "https://www.st.com/resource/en/datasheet/vl53l1x.pdf"; VariantName = "[No Variations]"
Add component (AddParameter): Name = "Height"; Value = "1.6mm"; VariantName = "[No Variations]"
Add component (AddParameter): Name = "Manufacturer_Name"; Value = "STMicroelectronics"; VariantName = "[No Variations]"
Add component (AddParameter): Name = "Manufacturer_Part_Number"; Value = "VL53L1X"; VariantName = "[No Variations]"
Add component (AddParameter): Name = "Mouser Part Number"; Value = ""; VariantName = "[No Variations]"
Add component (AddParameter): Name = "Mouser Price/Stock"; Value = ""; VariantName = "[No Variations]"
Added Component: Designator=IC15(VL53L1X)
Add component (AddParameter): Name = "Arrow Part Number"; Value = ""; VariantName = "[No Variations]"
Add component (AddParameter): Name = "Arrow Price/Stock"; Value = ""; VariantName = "[No Variations]"
Add component (AddParameter): Name = "Datasheet Link"; Value = "https://www.st.com/resource/en/datasheet/vl53l1x.pdf"; VariantName = "[No Variations]"
Add component (AddParameter): Name = "Height"; Value = "1.6mm"; VariantName = "[No Variations]"
Add component (AddParameter): Name = "Manufacturer_Name"; Value = "STMicroelectronics"; VariantName = "[No Variations]"
Add component (AddParameter): Name = "Manufacturer_Part_Number"; Value = "VL53L1X"; VariantName = "[No Variations]"
Add component (AddParameter): Name = "Mouser Part Number"; Value = ""; VariantName = "[No Variations]"
Add component (AddParameter): Name = "Mouser Price/Stock"; Value = ""; VariantName = "[No Variations]"
Added Component: Designator=IC16(SOIC127P1030X265-28N)
Add component (AddParameter): Name = "Arrow Part Number"; Value = "MCP23017T-E/SO"; VariantName = "[No Variations]"
Add component (AddParameter): Name = "Arrow Price/Stock"; Value = "https://www.arrow.com/en/products/mcp23017t-eso/microchip-technology?region=nac"; VariantName = "[No Variations]"
Add component (AddParameter): Name = "Datasheet Link"; Value = "http://ww1.microchip.com/downloads/en/DeviceDoc/20001952C.pdf"; VariantName = "[No Variations]"
Add component (AddParameter): Name = "Height"; Value = "2.65mm"; VariantName = "[No Variations]"
Add component (AddParameter): Name = "Manufacturer_Name"; Value = "Microchip"; VariantName = "[No Variations]"
Add component (AddParameter): Name = "Manufacturer_Part_Number"; Value = "MCP23017T-E/SO"; VariantName = "[No Variations]"
Add component (AddParameter): Name = "Mouser Part Number"; Value = "579-MCP23017T-E/SO"; VariantName = "[No Variations]"
Add component (AddParameter): Name = "Mouser Price/Stock"; Value = "https://www.mouser.co.uk/ProductDetail/Microchip-Technology/MCP23017T-E-SO?qs=usxtMOJb1RylPfT%252BJtgE3Q%3D%3D"; VariantName = "[No Variations]"
Added Component: Designator=P1(HDR1X4)
Add component (AddParameter): Name = "LatestRevisionDate"; Value = "17-Jul-2002"; VariantName = "[No Variations]"
Add component (AddParameter): Name = "LatestRevisionNote"; Value = "Re-released for DXP Platform."; VariantName = "[No Variations]"
Add component (AddParameter): Name = "Publisher"; Value = "Altium Limited"; VariantName = "[No Variations]"
Added Component: Designator=P2(HDR1X4)
Add component (AddParameter): Name = "LatestRevisionDate"; Value = "17-Jul-2002"; VariantName = "[No Variations]"
Add component (AddParameter): Name = "LatestRevisionNote"; Value = "Re-released for DXP Platform."; VariantName = "[No Variations]"
Add component (AddParameter): Name = "Publisher"; Value = "Altium Limited"; VariantName = "[No Variations]"
Added Pin To Net: NetName=3.3V Pin=C0-2
Added Pin To Net: NetName=3.3V Pin=C1-2
Added Pin To Net: NetName=3.3V Pin=C2-2
Added Pin To Net: NetName=3.3V Pin=C3-2
Added Pin To Net: NetName=3.3V Pin=C4-2
Added Pin To Net: NetName=3.3V Pin=C5-2
Added Pin To Net: NetName=3.3V Pin=C6-2
Added Pin To Net: NetName=3.3V Pin=C7-2
Added Pin To Net: NetName=3.3V Pin=C8-2
Added Pin To Net: NetName=3.3V Pin=C9-2
Added Pin To Net: NetName=3.3V Pin=C10-2
Added Pin To Net: NetName=3.3V Pin=C11-2
Added Pin To Net: NetName=3.3V Pin=C12-2
Added Pin To Net: NetName=3.3V Pin=C13-2
Added Pin To Net: NetName=3.3V Pin=C14-2
Added Pin To Net: NetName=3.3V Pin=C15-2
Added Pin To Net: NetName=3.3V Pin=C16-2
Added Pin To Net: NetName=3.3V Pin=C17-2
Added Pin To Net: NetName=3.3V Pin=C18-2
Added Pin To Net: NetName=3.3V Pin=C19-1
Added Pin To Net: NetName=3.3V Pin=IC0-1
Added Pin To Net: NetName=3.3V Pin=IC0-7
Added Pin To Net: NetName=3.3V Pin=IC0-11
Added Pin To Net: NetName=3.3V Pin=IC0-13
Added Pin To Net: NetName=3.3V Pin=IC1-1
Added Pin To Net: NetName=3.3V Pin=IC1-7
Added Pin To Net: NetName=3.3V Pin=IC1-11
Added Pin To Net: NetName=3.3V Pin=IC1-13
Added Pin To Net: NetName=3.3V Pin=IC2-1
Added Pin To Net: NetName=3.3V Pin=IC2-7
Added Pin To Net: NetName=3.3V Pin=IC2-11
Added Pin To Net: NetName=3.3V Pin=IC2-13
Added Pin To Net: NetName=3.3V Pin=IC3-1
Added Pin To Net: NetName=3.3V Pin=IC3-7
Added Pin To Net: NetName=3.3V Pin=IC3-11
Added Pin To Net: NetName=3.3V Pin=IC3-13
Added Pin To Net: NetName=3.3V Pin=IC4-1
Added Pin To Net: NetName=3.3V Pin=IC4-7
Added Pin To Net: NetName=3.3V Pin=IC4-11
Added Pin To Net: NetName=3.3V Pin=IC4-13
Added Pin To Net: NetName=3.3V Pin=IC5-1
Added Pin To Net: NetName=3.3V Pin=IC5-7
Added Pin To Net: NetName=3.3V Pin=IC5-11
Added Pin To Net: NetName=3.3V Pin=IC5-13
Added Pin To Net: NetName=3.3V Pin=IC6-1
Added Pin To Net: NetName=3.3V Pin=IC6-7
Added Pin To Net: NetName=3.3V Pin=IC6-11
Added Pin To Net: NetName=3.3V Pin=IC6-13
Added Pin To Net: NetName=3.3V Pin=IC7-1
Added Pin To Net: NetName=3.3V Pin=IC7-7
Added Pin To Net: NetName=3.3V Pin=IC7-11
Added Pin To Net: NetName=3.3V Pin=IC7-13
Added Pin To Net: NetName=3.3V Pin=IC8-1
Added Pin To Net: NetName=3.3V Pin=IC8-7
Added Pin To Net: NetName=3.3V Pin=IC8-11
Added Pin To Net: NetName=3.3V Pin=IC8-13
Added Pin To Net: NetName=3.3V Pin=IC9-1
Added Pin To Net: NetName=3.3V Pin=IC9-7
Added Pin To Net: NetName=3.3V Pin=IC9-11
Added Pin To Net: NetName=3.3V Pin=IC9-13
Added Pin To Net: NetName=3.3V Pin=IC10-1
Added Pin To Net: NetName=3.3V Pin=IC10-7
Added Pin To Net: NetName=3.3V Pin=IC10-11
Added Pin To Net: NetName=3.3V Pin=IC10-13
Added Pin To Net: NetName=3.3V Pin=IC11-1
Added Pin To Net: NetName=3.3V Pin=IC11-7
Added Pin To Net: NetName=3.3V Pin=IC11-11
Added Pin To Net: NetName=3.3V Pin=IC11-13
Added Pin To Net: NetName=3.3V Pin=IC12-1
Added Pin To Net: NetName=3.3V Pin=IC12-7
Added Pin To Net: NetName=3.3V Pin=IC12-11
Added Pin To Net: NetName=3.3V Pin=IC12-13
Added Pin To Net: NetName=3.3V Pin=IC13-1
Added Pin To Net: NetName=3.3V Pin=IC13-7
Added Pin To Net: NetName=3.3V Pin=IC13-11
Added Pin To Net: NetName=3.3V Pin=IC13-13
Added Pin To Net: NetName=3.3V Pin=IC14-1
Added Pin To Net: NetName=3.3V Pin=IC14-7
Added Pin To Net: NetName=3.3V Pin=IC14-11
Added Pin To Net: NetName=3.3V Pin=IC14-13
Added Pin To Net: NetName=3.3V Pin=IC15-1
Added Pin To Net: NetName=3.3V Pin=IC15-7
Added Pin To Net: NetName=3.3V Pin=IC15-11
Added Pin To Net: NetName=3.3V Pin=IC15-13
Added Pin To Net: NetName=3.3V Pin=IC16-9
Added Pin To Net: NetName=3.3V Pin=P1-4
Added Pin To Net: NetName=3.3V Pin=P2-1
Added Net: Name=3.3V
Added Pin To Net: NetName=GND Pin=C0-1
Added Pin To Net: NetName=GND Pin=C1-1
Added Pin To Net: NetName=GND Pin=C2-1
Added Pin To Net: NetName=GND Pin=C3-1
Added Pin To Net: NetName=GND Pin=C4-1
Added Pin To Net: NetName=GND Pin=C5-1
Added Pin To Net: NetName=GND Pin=C6-1
Added Pin To Net: NetName=GND Pin=C7-1
Added Pin To Net: NetName=GND Pin=C8-1
Added Pin To Net: NetName=GND Pin=C9-1
Added Pin To Net: NetName=GND Pin=C10-1
Added Pin To Net: NetName=GND Pin=C11-1
Added Pin To Net: NetName=GND Pin=C12-1
Added Pin To Net: NetName=GND Pin=C13-1
Added Pin To Net: NetName=GND Pin=C14-1
Added Pin To Net: NetName=GND Pin=C15-1
Added Pin To Net: NetName=GND Pin=C16-1
Added Pin To Net: NetName=GND Pin=C17-1
Added Pin To Net: NetName=GND Pin=C18-1
Added Pin To Net: NetName=GND Pin=C19-2
Added Pin To Net: NetName=GND Pin=IC0-2
Added Pin To Net: NetName=GND Pin=IC0-3
Added Pin To Net: NetName=GND Pin=IC0-4
Added Pin To Net: NetName=GND Pin=IC0-6
Added Pin To Net: NetName=GND Pin=IC0-12
Added Pin To Net: NetName=GND Pin=IC1-2
Added Pin To Net: NetName=GND Pin=IC1-3
Added Pin To Net: NetName=GND Pin=IC1-6
Added Pin To Net: NetName=GND Pin=IC1-12
Added Pin To Net: NetName=GND Pin=IC2-2
Added Pin To Net: NetName=GND Pin=IC2-3
Added Pin To Net: NetName=GND Pin=IC2-4
Added Pin To Net: NetName=GND Pin=IC2-6
Added Pin To Net: NetName=GND Pin=IC2-12
Added Pin To Net: NetName=GND Pin=IC3-2
Added Pin To Net: NetName=GND Pin=IC3-3
Added Pin To Net: NetName=GND Pin=IC3-4
Added Pin To Net: NetName=GND Pin=IC3-6
Added Pin To Net: NetName=GND Pin=IC3-12
Added Pin To Net: NetName=GND Pin=IC4-2
Added Pin To Net: NetName=GND Pin=IC4-3
Added Pin To Net: NetName=GND Pin=IC4-4
Added Pin To Net: NetName=GND Pin=IC4-6
Added Pin To Net: NetName=GND Pin=IC4-12
Added Pin To Net: NetName=GND Pin=IC5-3
Added Pin To Net: NetName=GND Pin=IC5-4
Added Pin To Net: NetName=GND Pin=IC5-6
Added Pin To Net: NetName=GND Pin=IC5-12
Added Pin To Net: NetName=GND Pin=IC6-2
Added Pin To Net: NetName=GND Pin=IC6-3
Added Pin To Net: NetName=GND Pin=IC6-4
Added Pin To Net: NetName=GND Pin=IC6-6
Added Pin To Net: NetName=GND Pin=IC6-12
Added Pin To Net: NetName=GND Pin=IC7-2
Added Pin To Net: NetName=GND Pin=IC7-3
Added Pin To Net: NetName=GND Pin=IC7-4
Added Pin To Net: NetName=GND Pin=IC7-6
Added Pin To Net: NetName=GND Pin=IC7-12
Added Pin To Net: NetName=GND Pin=IC8-2
Added Pin To Net: NetName=GND Pin=IC8-3
Added Pin To Net: NetName=GND Pin=IC8-4
Added Pin To Net: NetName=GND Pin=IC8-6
Added Pin To Net: NetName=GND Pin=IC8-12
Added Pin To Net: NetName=GND Pin=IC9-2
Added Pin To Net: NetName=GND Pin=IC9-3
Added Pin To Net: NetName=GND Pin=IC9-4
Added Pin To Net: NetName=GND Pin=IC9-6
Added Pin To Net: NetName=GND Pin=IC9-12
Added Pin To Net: NetName=GND Pin=IC10-2
Added Pin To Net: NetName=GND Pin=IC10-3
Added Pin To Net: NetName=GND Pin=IC10-4
Added Pin To Net: NetName=GND Pin=IC10-12
Added Pin To Net: NetName=GND Pin=IC11-2
Added Pin To Net: NetName=GND Pin=IC11-3
Added Pin To Net: NetName=GND Pin=IC11-4
Added Pin To Net: NetName=GND Pin=IC11-6
Added Pin To Net: NetName=GND Pin=IC11-12
Added Pin To Net: NetName=GND Pin=IC12-2
Added Pin To Net: NetName=GND Pin=IC12-3
Added Pin To Net: NetName=GND Pin=IC12-4
Added Pin To Net: NetName=GND Pin=IC12-6
Added Pin To Net: NetName=GND Pin=IC12-12
Added Pin To Net: NetName=GND Pin=IC13-2
Added Pin To Net: NetName=GND Pin=IC13-3
Added Pin To Net: NetName=GND Pin=IC13-4
Added Pin To Net: NetName=GND Pin=IC13-6
Added Pin To Net: NetName=GND Pin=IC13-12
Added Pin To Net: NetName=GND Pin=IC14-2
Added Pin To Net: NetName=GND Pin=IC14-3
Added Pin To Net: NetName=GND Pin=IC14-4
Added Pin To Net: NetName=GND Pin=IC14-6
Added Pin To Net: NetName=GND Pin=IC14-12
Added Pin To Net: NetName=GND Pin=IC15-2
Added Pin To Net: NetName=GND Pin=IC15-3
Added Pin To Net: NetName=GND Pin=IC15-4
Added Pin To Net: NetName=GND Pin=IC15-6
Added Pin To Net: NetName=GND Pin=IC15-12
Added Pin To Net: NetName=GND Pin=IC16-10
Added Pin To Net: NetName=GND Pin=IC16-15
Added Pin To Net: NetName=GND Pin=IC16-16
Added Pin To Net: NetName=GND Pin=IC16-17
Added Pin To Net: NetName=GND Pin=P1-1
Added Pin To Net: NetName=GND Pin=P2-4
Added Net: Name=GND
Added Pin To Net: NetName=GPA0 Pin=IC8-5
Added Pin To Net: NetName=GPA0 Pin=IC16-28
Added Net: Name=GPA0
Added Pin To Net: NetName=GPA1 Pin=IC16-27
Added Net: Name=GPA1
Added Pin To Net: NetName=GPA2 Pin=IC10-5
Added Pin To Net: NetName=GPA2 Pin=IC16-26
Added Net: Name=GPA2
Added Pin To Net: NetName=GPA3 Pin=IC11-5
Added Pin To Net: NetName=GPA3 Pin=IC16-25
Added Net: Name=GPA3
Added Pin To Net: NetName=GPA4 Pin=IC12-5
Added Pin To Net: NetName=GPA4 Pin=IC16-24
Added Net: Name=GPA4
Added Pin To Net: NetName=GPA5 Pin=IC13-5
Added Pin To Net: NetName=GPA5 Pin=IC16-23
Added Net: Name=GPA5
Added Pin To Net: NetName=GPA6 Pin=IC14-5
Added Pin To Net: NetName=GPA6 Pin=IC16-22
Added Net: Name=GPA6
Added Pin To Net: NetName=GPA7 Pin=IC15-5
Added Pin To Net: NetName=GPA7 Pin=IC16-21
Added Net: Name=GPA7
Added Pin To Net: NetName=GPB0 Pin=IC0-5
Added Pin To Net: NetName=GPB0 Pin=IC16-1
Added Net: Name=GPB0
Added Pin To Net: NetName=GPB1 Pin=IC1-5
Added Pin To Net: NetName=GPB1 Pin=IC16-2
Added Net: Name=GPB1
Added Pin To Net: NetName=GPB2 Pin=IC2-5
Added Pin To Net: NetName=GPB2 Pin=IC16-3
Added Net: Name=GPB2
Added Pin To Net: NetName=GPB3 Pin=IC3-5
Added Pin To Net: NetName=GPB3 Pin=IC16-4
Added Net: Name=GPB3
Added Pin To Net: NetName=GPB4 Pin=IC4-5
Added Pin To Net: NetName=GPB4 Pin=IC16-5
Added Net: Name=GPB4
Added Pin To Net: NetName=GPB5 Pin=IC5-5
Added Pin To Net: NetName=GPB5 Pin=IC16-6
Added Net: Name=GPB5
Added Pin To Net: NetName=GPB6 Pin=IC6-5
Added Pin To Net: NetName=GPB6 Pin=IC16-7
Added Net: Name=GPB6
Added Pin To Net: NetName=GPB7 Pin=IC7-5
Added Pin To Net: NetName=GPB7 Pin=IC16-8
Added Net: Name=GPB7
Added Pin To Net: NetName=SCL Pin=IC0-10
Added Pin To Net: NetName=SCL Pin=IC1-10
Added Pin To Net: NetName=SCL Pin=IC2-10
Added Pin To Net: NetName=SCL Pin=IC3-10
Added Pin To Net: NetName=SCL Pin=IC4-10
Added Pin To Net: NetName=SCL Pin=IC5-10
Added Pin To Net: NetName=SCL Pin=IC6-10
Added Pin To Net: NetName=SCL Pin=IC7-10
Added Pin To Net: NetName=SCL Pin=IC8-10
Added Pin To Net: NetName=SCL Pin=IC9-10
Added Pin To Net: NetName=SCL Pin=IC10-10
Added Pin To Net: NetName=SCL Pin=IC11-10
Added Pin To Net: NetName=SCL Pin=IC12-10
Added Pin To Net: NetName=SCL Pin=IC13-10
Added Pin To Net: NetName=SCL Pin=IC14-10
Added Pin To Net: NetName=SCL Pin=IC15-10
Added Pin To Net: NetName=SCL Pin=IC16-12
Added Pin To Net: NetName=SCL Pin=P1-2
Added Pin To Net: NetName=SCL Pin=P2-3
Added Net: Name=SCL
Added Pin To Net: NetName=SDA Pin=IC0-9
Added Pin To Net: NetName=SDA Pin=IC1-9
Added Pin To Net: NetName=SDA Pin=IC2-9
Added Pin To Net: NetName=SDA Pin=IC3-9
Added Pin To Net: NetName=SDA Pin=IC4-9
Added Pin To Net: NetName=SDA Pin=IC5-9
Added Pin To Net: NetName=SDA Pin=IC6-9
Added Pin To Net: NetName=SDA Pin=IC7-9
Added Pin To Net: NetName=SDA Pin=IC8-9
Added Pin To Net: NetName=SDA Pin=IC9-9
Added Pin To Net: NetName=SDA Pin=IC10-9
Added Pin To Net: NetName=SDA Pin=IC11-9
Added Pin To Net: NetName=SDA Pin=IC12-9
Added Pin To Net: NetName=SDA Pin=IC13-9
Added Pin To Net: NetName=SDA Pin=IC14-9
Added Pin To Net: NetName=SDA Pin=IC15-9
Added Pin To Net: NetName=SDA Pin=IC16-13
Added Pin To Net: NetName=SDA Pin=P1-3
Added Pin To Net: NetName=SDA Pin=P2-2
Added Net: Name=SDA
Added Class: Name=ESQ
Added Room: Name=ESQ
