Add Component: Footprint Not Found CAPC1608X90N
Add Component: Footprint Not Found CAPC1608X90N
Add Component: Footprint Not Found CAPC1608X90N
Add Component: Footprint Not Found CAPC1608X90N
Add Component: Footprint Not Found CAPC1608X90N
Add Component: Footprint Not Found CAPC1608X90N
Add Component: Footprint Not Found CAPC1608X90N
Add Component: Footprint Not Found CAPC1608X90N
Add Component: Footprint Not Found CAPC1608X90N
Add Component: Footprint Not Found CAPC1608X90N
Add Component: Footprint Not Found CAPC1608X90N
Add Component: Footprint Not Found CAPC1608X90N
Add Component: Footprint Not Found CAPC1608X90N
Add Component: Footprint Not Found CAPC1608X90N
Add Component: Footprint Not Found CAPC1608X90N
Add Component: Footprint Not Found CAPC1608X90N
Add Component: Footprint Not Found CAPC1608X90N
Add Component: Footprint Not Found CAPC1608X90N
Add Component: Footprint Not Found CAPC1608X90N
Add Component: Footprint Not Found CAPC1608X90N
Add Component: Footprint Not Found VL53L1X
Add Component: Footprint Not Found VL53L1X
Add Component: Footprint Not Found VL53L1X
Add Component: Footprint Not Found VL53L1X
Add Component: Footprint Not Found VL53L1X
Add Component: Footprint Not Found VL53L1X
Add Component: Footprint Not Found VL53L1X
Add Component: Footprint Not Found VL53L1X
Add Component: Footprint Not Found VL53L1X
Add Component: Footprint Not Found VL53L1X
Add Component: Footprint Not Found VL53L1X
Add Component: Footprint Not Found VL53L1X
Add Component: Footprint Not Found VL53L1X
Add Component: Footprint Not Found VL53L1X
Add Component: Footprint Not Found VL53L1X
Add Component: Footprint Not Found VL53L1X
Add Component: Footprint Not Found SOIC127P1030X265-28N
Added Component: Designator=P1(HDR1X4)
Add component (AddParameter): Name = "LatestRevisionDate"; Value = "17-Jul-2002"; VariantName = "[No Variations]"
Add component (AddParameter): Name = "LatestRevisionNote"; Value = "Re-released for DXP Platform."; VariantName = "[No Variations]"
Add component (AddParameter): Name = "Publisher"; Value = "Altium Limited"; VariantName = "[No Variations]"
Added Component: Designator=P2(HDR1X4)
Add component (AddParameter): Name = "LatestRevisionDate"; Value = "17-Jul-2002"; VariantName = "[No Variations]"
Add component (AddParameter): Name = "LatestRevisionNote"; Value = "Re-released for DXP Platform."; VariantName = "[No Variations]"
Add component (AddParameter): Name = "Publisher"; Value = "Altium Limited"; VariantName = "[No Variations]"
Add Pin To Net: Unknown Pin: Pin C0-1
Add Pin To Net: Unknown Pin: Pin C0-2
Add Pin To Net: Unknown Pin: Pin C1-1
Add Pin To Net: Unknown Pin: Pin C1-2
Add Pin To Net: Unknown Pin: Pin C2-1
Add Pin To Net: Unknown Pin: Pin C2-2
Add Pin To Net: Unknown Pin: Pin C3-1
Add Pin To Net: Unknown Pin: Pin C3-2
Add Pin To Net: Unknown Pin: Pin C4-1
Add Pin To Net: Unknown Pin: Pin C4-2
Add Pin To Net: Unknown Pin: Pin C5-1
Add Pin To Net: Unknown Pin: Pin C5-2
Add Pin To Net: Unknown Pin: Pin C6-1
Add Pin To Net: Unknown Pin: Pin C6-2
Add Pin To Net: Unknown Pin: Pin C7-1
Add Pin To Net: Unknown Pin: Pin C7-2
Add Pin To Net: Unknown Pin: Pin C8-1
Add Pin To Net: Unknown Pin: Pin C8-2
Add Pin To Net: Unknown Pin: Pin C9-1
Add Pin To Net: Unknown Pin: Pin C9-2
Add Pin To Net: Unknown Pin: Pin C10-1
Add Pin To Net: Unknown Pin: Pin C10-2
Add Pin To Net: Unknown Pin: Pin C11-1
Add Pin To Net: Unknown Pin: Pin C11-2
Add Pin To Net: Unknown Pin: Pin C12-1
Add Pin To Net: Unknown Pin: Pin C12-2
Add Pin To Net: Unknown Pin: Pin C13-1
Add Pin To Net: Unknown Pin: Pin C13-2
Add Pin To Net: Unknown Pin: Pin C14-1
Add Pin To Net: Unknown Pin: Pin C14-2
Add Pin To Net: Unknown Pin: Pin C15-1
Add Pin To Net: Unknown Pin: Pin C15-2
Add Pin To Net: Unknown Pin: Pin C16-1
Add Pin To Net: Unknown Pin: Pin C16-2
Add Pin To Net: Unknown Pin: Pin C17-1
Add Pin To Net: Unknown Pin: Pin C17-2
Add Pin To Net: Unknown Pin: Pin C18-1
Add Pin To Net: Unknown Pin: Pin C18-2
Add Pin To Net: Unknown Pin: Pin C19-1
Add Pin To Net: Unknown Pin: Pin C19-2
Add Pin To Net: Unknown Pin: Pin IC0-1
Add Pin To Net: Unknown Pin: Pin IC0-2
Add Pin To Net: Unknown Pin: Pin IC0-3
Add Pin To Net: Unknown Pin: Pin IC0-4
Add Pin To Net: Unknown Pin: Pin IC0-5
Add Pin To Net: Unknown Pin: Pin IC0-6
Add Pin To Net: Unknown Pin: Pin IC0-7
Add Pin To Net: Unknown Pin: Pin IC0-9
Add Pin To Net: Unknown Pin: Pin IC0-10
Add Pin To Net: Unknown Pin: Pin IC0-11
Add Pin To Net: Unknown Pin: Pin IC0-12
Add Pin To Net: Unknown Pin: Pin IC0-13
Add Pin To Net: Unknown Pin: Pin IC1-1
Add Pin To Net: Unknown Pin: Pin IC1-2
Add Pin To Net: Unknown Pin: Pin IC1-3
Add Pin To Net: Unknown Pin: Pin IC1-5
Add Pin To Net: Unknown Pin: Pin IC1-6
Add Pin To Net: Unknown Pin: Pin IC1-7
Add Pin To Net: Unknown Pin: Pin IC1-9
Add Pin To Net: Unknown Pin: Pin IC1-10
Add Pin To Net: Unknown Pin: Pin IC1-11
Add Pin To Net: Unknown Pin: Pin IC1-12
Add Pin To Net: Unknown Pin: Pin IC1-13
Add Pin To Net: Unknown Pin: Pin IC2-1
Add Pin To Net: Unknown Pin: Pin IC2-2
Add Pin To Net: Unknown Pin: Pin IC2-3
Add Pin To Net: Unknown Pin: Pin IC2-4
Add Pin To Net: Unknown Pin: Pin IC2-5
Add Pin To Net: Unknown Pin: Pin IC2-6
Add Pin To Net: Unknown Pin: Pin IC2-7
Add Pin To Net: Unknown Pin: Pin IC2-9
Add Pin To Net: Unknown Pin: Pin IC2-10
Add Pin To Net: Unknown Pin: Pin IC2-11
Add Pin To Net: Unknown Pin: Pin IC2-12
Add Pin To Net: Unknown Pin: Pin IC2-13
Add Pin To Net: Unknown Pin: Pin IC3-1
Add Pin To Net: Unknown Pin: Pin IC3-2
Add Pin To Net: Unknown Pin: Pin IC3-3
Add Pin To Net: Unknown Pin: Pin IC3-4
Add Pin To Net: Unknown Pin: Pin IC3-5
Add Pin To Net: Unknown Pin: Pin IC3-6
Add Pin To Net: Unknown Pin: Pin IC3-7
Add Pin To Net: Unknown Pin: Pin IC3-9
Add Pin To Net: Unknown Pin: Pin IC3-10
Add Pin To Net: Unknown Pin: Pin IC3-11
Add Pin To Net: Unknown Pin: Pin IC3-12
Add Pin To Net: Unknown Pin: Pin IC3-13
Add Pin To Net: Unknown Pin: Pin IC4-1
Add Pin To Net: Unknown Pin: Pin IC4-2
Add Pin To Net: Unknown Pin: Pin IC4-3
Add Pin To Net: Unknown Pin: Pin IC4-4
Add Pin To Net: Unknown Pin: Pin IC4-5
Add Pin To Net: Unknown Pin: Pin IC4-6
Add Pin To Net: Unknown Pin: Pin IC4-7
Add Pin To Net: Unknown Pin: Pin IC4-9
Add Pin To Net: Unknown Pin: Pin IC4-10
Add Pin To Net: Unknown Pin: Pin IC4-11
Add Pin To Net: Unknown Pin: Pin IC4-12
Add Pin To Net: Unknown Pin: Pin IC4-13
Add Pin To Net: Unknown Pin: Pin IC5-1
Add Pin To Net: Unknown Pin: Pin IC5-3
Add Pin To Net: Unknown Pin: Pin IC5-4
Add Pin To Net: Unknown Pin: Pin IC5-5
Add Pin To Net: Unknown Pin: Pin IC5-6
Add Pin To Net: Unknown Pin: Pin IC5-7
Add Pin To Net: Unknown Pin: Pin IC5-9
Add Pin To Net: Unknown Pin: Pin IC5-10
Add Pin To Net: Unknown Pin: Pin IC5-11
Add Pin To Net: Unknown Pin: Pin IC5-12
Add Pin To Net: Unknown Pin: Pin IC5-13
Add Pin To Net: Unknown Pin: Pin IC6-1
Add Pin To Net: Unknown Pin: Pin IC6-2
Add Pin To Net: Unknown Pin: Pin IC6-3
Add Pin To Net: Unknown Pin: Pin IC6-4
Add Pin To Net: Unknown Pin: Pin IC6-5
Add Pin To Net: Unknown Pin: Pin IC6-6
Add Pin To Net: Unknown Pin: Pin IC6-7
Add Pin To Net: Unknown Pin: Pin IC6-9
Add Pin To Net: Unknown Pin: Pin IC6-10
Add Pin To Net: Unknown Pin: Pin IC6-11
Add Pin To Net: Unknown Pin: Pin IC6-12
Add Pin To Net: Unknown Pin: Pin IC6-13
Add Pin To Net: Unknown Pin: Pin IC7-1
Add Pin To Net: Unknown Pin: Pin IC7-2
Add Pin To Net: Unknown Pin: Pin IC7-3
Add Pin To Net: Unknown Pin: Pin IC7-4
Add Pin To Net: Unknown Pin: Pin IC7-5
Add Pin To Net: Unknown Pin: Pin IC7-6
Add Pin To Net: Unknown Pin: Pin IC7-7
Add Pin To Net: Unknown Pin: Pin IC7-9
Add Pin To Net: Unknown Pin: Pin IC7-10
Add Pin To Net: Unknown Pin: Pin IC7-11
Add Pin To Net: Unknown Pin: Pin IC7-12
Add Pin To Net: Unknown Pin: Pin IC7-13
Add Pin To Net: Unknown Pin: Pin IC8-1
Add Pin To Net: Unknown Pin: Pin IC8-2
Add Pin To Net: Unknown Pin: Pin IC8-3
Add Pin To Net: Unknown Pin: Pin IC8-4
Add Pin To Net: Unknown Pin: Pin IC8-5
Add Pin To Net: Unknown Pin: Pin IC8-6
Add Pin To Net: Unknown Pin: Pin IC8-7
Add Pin To Net: Unknown Pin: Pin IC8-9
Add Pin To Net: Unknown Pin: Pin IC8-10
Add Pin To Net: Unknown Pin: Pin IC8-11
Add Pin To Net: Unknown Pin: Pin IC8-12
Add Pin To Net: Unknown Pin: Pin IC8-13
Add Pin To Net: Unknown Pin: Pin IC9-1
Add Pin To Net: Unknown Pin: Pin IC9-2
Add Pin To Net: Unknown Pin: Pin IC9-3
Add Pin To Net: Unknown Pin: Pin IC9-4
Add Pin To Net: Unknown Pin: Pin IC9-6
Add Pin To Net: Unknown Pin: Pin IC9-7
Add Pin To Net: Unknown Pin: Pin IC9-9
Add Pin To Net: Unknown Pin: Pin IC9-10
Add Pin To Net: Unknown Pin: Pin IC9-11
Add Pin To Net: Unknown Pin: Pin IC9-12
Add Pin To Net: Unknown Pin: Pin IC9-13
Add Pin To Net: Unknown Pin: Pin IC10-1
Add Pin To Net: Unknown Pin: Pin IC10-2
Add Pin To Net: Unknown Pin: Pin IC10-3
Add Pin To Net: Unknown Pin: Pin IC10-4
Add Pin To Net: Unknown Pin: Pin IC10-5
Add Pin To Net: Unknown Pin: Pin IC10-7
Add Pin To Net: Unknown Pin: Pin IC10-9
Add Pin To Net: Unknown Pin: Pin IC10-10
Add Pin To Net: Unknown Pin: Pin IC10-11
Add Pin To Net: Unknown Pin: Pin IC10-12
Add Pin To Net: Unknown Pin: Pin IC10-13
Add Pin To Net: Unknown Pin: Pin IC11-1
Add Pin To Net: Unknown Pin: Pin IC11-2
Add Pin To Net: Unknown Pin: Pin IC11-3
Add Pin To Net: Unknown Pin: Pin IC11-4
Add Pin To Net: Unknown Pin: Pin IC11-5
Add Pin To Net: Unknown Pin: Pin IC11-6
Add Pin To Net: Unknown Pin: Pin IC11-7
Add Pin To Net: Unknown Pin: Pin IC11-9
Add Pin To Net: Unknown Pin: Pin IC11-10
Add Pin To Net: Unknown Pin: Pin IC11-11
Add Pin To Net: Unknown Pin: Pin IC11-12
Add Pin To Net: Unknown Pin: Pin IC11-13
Add Pin To Net: Unknown Pin: Pin IC12-1
Add Pin To Net: Unknown Pin: Pin IC12-2
Add Pin To Net: Unknown Pin: Pin IC12-3
Add Pin To Net: Unknown Pin: Pin IC12-4
Add Pin To Net: Unknown Pin: Pin IC12-5
Add Pin To Net: Unknown Pin: Pin IC12-6
Add Pin To Net: Unknown Pin: Pin IC12-7
Add Pin To Net: Unknown Pin: Pin IC12-9
Add Pin To Net: Unknown Pin: Pin IC12-10
Add Pin To Net: Unknown Pin: Pin IC12-11
Add Pin To Net: Unknown Pin: Pin IC12-12
Add Pin To Net: Unknown Pin: Pin IC12-13
Add Pin To Net: Unknown Pin: Pin IC13-1
Add Pin To Net: Unknown Pin: Pin IC13-2
Add Pin To Net: Unknown Pin: Pin IC13-3
Add Pin To Net: Unknown Pin: Pin IC13-4
Add Pin To Net: Unknown Pin: Pin IC13-5
Add Pin To Net: Unknown Pin: Pin IC13-6
Add Pin To Net: Unknown Pin: Pin IC13-7
Add Pin To Net: Unknown Pin: Pin IC13-9
Add Pin To Net: Unknown Pin: Pin IC13-10
Add Pin To Net: Unknown Pin: Pin IC13-11
Add Pin To Net: Unknown Pin: Pin IC13-12
Add Pin To Net: Unknown Pin: Pin IC13-13
Add Pin To Net: Unknown Pin: Pin IC14-1
Add Pin To Net: Unknown Pin: Pin IC14-2
Add Pin To Net: Unknown Pin: Pin IC14-3
Add Pin To Net: Unknown Pin: Pin IC14-4
Add Pin To Net: Unknown Pin: Pin IC14-5
Add Pin To Net: Unknown Pin: Pin IC14-6
Add Pin To Net: Unknown Pin: Pin IC14-7
Add Pin To Net: Unknown Pin: Pin IC14-9
Add Pin To Net: Unknown Pin: Pin IC14-10
Add Pin To Net: Unknown Pin: Pin IC14-11
Add Pin To Net: Unknown Pin: Pin IC14-12
Add Pin To Net: Unknown Pin: Pin IC14-13
Add Pin To Net: Unknown Pin: Pin IC15-1
Add Pin To Net: Unknown Pin: Pin IC15-2
Add Pin To Net: Unknown Pin: Pin IC15-3
Add Pin To Net: Unknown Pin: Pin IC15-4
Add Pin To Net: Unknown Pin: Pin IC15-5
Add Pin To Net: Unknown Pin: Pin IC15-6
Add Pin To Net: Unknown Pin: Pin IC15-7
Add Pin To Net: Unknown Pin: Pin IC15-9
Add Pin To Net: Unknown Pin: Pin IC15-10
Add Pin To Net: Unknown Pin: Pin IC15-11
Add Pin To Net: Unknown Pin: Pin IC15-12
Add Pin To Net: Unknown Pin: Pin IC15-13
Add Pin To Net: Unknown Pin: Pin IC16-1
Add Pin To Net: Unknown Pin: Pin IC16-2
Add Pin To Net: Unknown Pin: Pin IC16-3
Add Pin To Net: Unknown Pin: Pin IC16-4
Add Pin To Net: Unknown Pin: Pin IC16-5
Add Pin To Net: Unknown Pin: Pin IC16-6
Add Pin To Net: Unknown Pin: Pin IC16-7
Add Pin To Net: Unknown Pin: Pin IC16-8
Add Pin To Net: Unknown Pin: Pin IC16-9
Add Pin To Net: Unknown Pin: Pin IC16-10
Add Pin To Net: Unknown Pin: Pin IC16-12
Add Pin To Net: Unknown Pin: Pin IC16-13
Add Pin To Net: Unknown Pin: Pin IC16-15
Add Pin To Net: Unknown Pin: Pin IC16-16
Add Pin To Net: Unknown Pin: Pin IC16-17
Add Pin To Net: Unknown Pin: Pin IC16-21
Add Pin To Net: Unknown Pin: Pin IC16-22
Add Pin To Net: Unknown Pin: Pin IC16-23
Add Pin To Net: Unknown Pin: Pin IC16-24
Add Pin To Net: Unknown Pin: Pin IC16-25
Add Pin To Net: Unknown Pin: Pin IC16-26
Add Pin To Net: Unknown Pin: Pin IC16-27
Add Pin To Net: Unknown Pin: Pin IC16-28
Added Pin To Net: NetName=GND Pin=P1-1
Added Pin To Net: NetName=SCL Pin=P1-2
Added Pin To Net: NetName=SDA Pin=P1-3
Added Pin To Net: NetName=3.3V Pin=P1-4
Added Pin To Net: NetName=3.3V Pin=P2-1
Added Pin To Net: NetName=SDA Pin=P2-2
Added Pin To Net: NetName=SCL Pin=P2-3
Added Pin To Net: NetName=GND Pin=P2-4
Add Class Member: Failed to add class member : Component C0 100nF
Add Class Member: Failed to add class member : Component C1 100nF
Add Class Member: Failed to add class member : Component C2 100nF
Add Class Member: Failed to add class member : Component C3 100nF
Add Class Member: Failed to add class member : Component C4 100nF
Add Class Member: Failed to add class member : Component C5 100nF
Add Class Member: Failed to add class member : Component C6 100nF
Add Class Member: Failed to add class member : Component C7 100nF
Add Class Member: Failed to add class member : Component C8 100nF
Add Class Member: Failed to add class member : Component C9 100nF
Add Class Member: Failed to add class member : Component C10 100nF
Add Class Member: Failed to add class member : Component C11 100nF
Add Class Member: Failed to add class member : Component C12 100nF
Add Class Member: Failed to add class member : Component C13 100nF
Add Class Member: Failed to add class member : Component C14 100nF
Add Class Member: Failed to add class member : Component C15 100nF
Add Class Member: Failed to add class member : Component C16 100nF
Add Class Member: Failed to add class member : Component C17 100nF
Add Class Member: Failed to add class member : Component C18 100nF
Add Class Member: Failed to add class member : Component C19 100uF
Add Class Member: Failed to add class member : Component IC0 VL53L1X
Add Class Member: Failed to add class member : Component IC1 VL53L1X
Add Class Member: Failed to add class member : Component IC2 VL53L1X
Add Class Member: Failed to add class member : Component IC3 VL53L1X
Add Class Member: Failed to add class member : Component IC4 VL53L1X
Add Class Member: Failed to add class member : Component IC5 VL53L1X
Add Class Member: Failed to add class member : Component IC6 VL53L1X
Add Class Member: Failed to add class member : Component IC7 VL53L1X
Add Class Member: Failed to add class member : Component IC8 VL53L1X
Add Class Member: Failed to add class member : Component IC9 VL53L1X
Add Class Member: Failed to add class member : Component IC10 VL53L1X
Add Class Member: Failed to add class member : Component IC11 VL53L1X
Add Class Member: Failed to add class member : Component IC12 VL53L1X
Add Class Member: Failed to add class member : Component IC13 VL53L1X
Add Class Member: Failed to add class member : Component IC14 VL53L1X
Add Class Member: Failed to add class member : Component IC15 VL53L1X
Add Class Member: Failed to add class member : Component IC16 MCP23017T-E_SO
Added Member To Class: ClassName=ESQ Member=Component P1 IN
Added Member To Class: ClassName=ESQ Member=Component P2 OUT
Added Room: Name=ESQ
